<?xml version="1.0" encoding="UTF-8"?>
<Site BuildName="Linux-g++"
	BuildStamp="20240323-1643-Experimental"
	Name="DESKTOP-RFIU6G6"
	Generator="ctest-3.22.1"
	CompilerName="/usr/bin/g++"
	CompilerVersion="11.4.0"
	OSName="Linux"
	Hostname="DESKTOP-RFIU6G6"
	OSRelease="5.15.146.1-microsoft-standard-WSL2"
	OSVersion="#1 SMP Thu Jan 11 04:09:03 UTC 2024"
	OSPlatform="x86_64"
	Is64Bits="1"
	VendorString="GenuineIntel"
	VendorID="Intel Corporation"
	FamilyID="6"
	ModelID="183"
	ProcessorCacheSize="24576"
	NumberOfLogicalCPU="20"
	NumberOfPhysicalCPU="10"
	TotalVirtualMemory="4096"
	TotalPhysicalMemory="15878"
	LogicalProcessorsPerPhysical="2"
	ProcessorClockFrequency="3494.4"
	>
	<Testing>
		<StartDateTime>Mar 23 14:31 CDT</StartDateTime>
		<StartTestTime>1711222313</StartTestTime>
		<TestList/>
		<EndDateTime>Mar 23 14:31 CDT</EndDateTime>
		<EndTestTime>1711222313</EndTestTime>
		<ElapsedMinutes>0</ElapsedMinutes>
	</Testing>
</Site>
